2026-04-05 19:33:30+0800: Running with following config:
allowResignation = true
lagBuffer = 1.0
logAllGTPCommunication = true
logDir = gtp_logs
logSearchInfo = true
logSearchInfoForChosenMove = false
logToStderr = false
maxTimePondering = 60.0
maxVisits = 500
numSearchThreads = 6
ponderingEnabled = false
resignConsecTurns = 3
resignThreshold = -0.90
rules = tromp-taylor
searchFactor = 1.0
searchFactorAfterOnePass = 0.50
searchFactorAfterTwoPass = 0.25
searchFactorWhenWinning = 0.40
searchFactorWhenWinningThreshold = 0.95

2026-04-05 19:33:30+0800: GTP Engine starting...
2026-04-05 19:33:30+0800: KataGo v1.16.4
2026-04-05 19:33:30+0800: Using TrompTaylor rules initially, unless GTP/GUI overrides this
2026-04-05 19:33:30+0800: Using 6 CPU thread(s) for search
2026-04-05 19:33:30+0800: nnRandSeed0 = 9370005403602726789
2026-04-05 19:33:30+0800: After dedups: nnModelFile0 = default_model.bin.gz useFP16 auto useNHWC auto
2026-04-05 19:33:30+0800: Initializing neural net buffer to be size 19 * 19 exactly
2026-04-05 19:33:30+0800: Found OpenCL Platform 0: NVIDIA CUDA (NVIDIA Corporation) (OpenCL 3.0 CUDA 13.0.97)
2026-04-05 19:33:30+0800: Found 1 device(s) on platform 0 with type CPU or GPU or Accelerator
2026-04-05 19:33:30+0800: Found OpenCL Platform 1: Intel(R) OpenCL Graphics (Intel(R) Corporation) (OpenCL 3.0 )
2026-04-05 19:33:30+0800: Found 1 device(s) on platform 1 with type CPU or GPU or Accelerator
2026-04-05 19:33:30+0800: Found OpenCL Device 0: NVIDIA GeForce RTX 5060 Laptop GPU (NVIDIA Corporation) (score 11000300)
2026-04-05 19:33:30+0800: Found OpenCL Device 1: Intel(R) RaptorLake-S Mobile Graphics Controller (Intel(R) Corporation) (score 6000300)
2026-04-05 19:33:30+0800: Creating context for OpenCL Platform: NVIDIA CUDA (NVIDIA Corporation) (OpenCL 3.0 CUDA 13.0.97)
2026-04-05 19:33:30+0800: Using OpenCL Device 0: NVIDIA GeForce RTX 5060 Laptop GPU (NVIDIA Corporation) OpenCL 3.0 CUDA (Extensions: cl_khr_global_int32_base_atomics cl_khr_global_int32_extended_atomics cl_khr_local_int32_base_atomics cl_khr_local_int32_extended_atomics cl_khr_fp64 cl_khr_3d_image_writes cl_khr_byte_addressable_store cl_khr_icd cl_khr_gl_sharing cl_nv_compiler_options cl_nv_device_attribute_query cl_nv_pragma_unroll cl_nv_d3d10_sharing cl_khr_d3d10_sharing cl_nv_d3d11_sharing cl_nv_copy_opts cl_nv_create_buffer cl_khr_int64_base_atomics cl_khr_int64_extended_atomics cl_khr_device_uuid cl_khr_pci_bus_info cl_khr_external_semaphore cl_khr_external_memory cl_khr_external_semaphore_win32 cl_khr_external_memory_win32 cl_khr_semaphore)
2026-04-05 19:33:30+0800: Loaded tuning parameters from: C:\Users\Legolas\Documents\trae_projects\Project_seven/KataGoData/opencltuning/tune11_gpuNVIDIAGeForceRTX5060LaptopGPU_x19_y19_c128_mv8.txt
2026-04-05 19:33:31+0800: OpenCL backend thread 0: Model version 8
2026-04-05 19:33:31+0800: OpenCL backend thread 0: Model name: g170-b10c128-s1141046784-d204142634
2026-04-05 19:33:31+0800: OpenCL backend thread 0: FP16Storage true FP16Compute false FP16TensorCores true FP16TensorCoresFor1x1 false
2026-04-05 19:33:31+0800: Loaded neural net with nnXLen 19 nnYLen 19
2026-04-05 19:33:31+0800: Initializing board with boardXSize 19 boardYSize 19
2026-04-05 19:33:31+0800: --------------
2026-04-05 19:33:31+0800: WARNING: Config had unused keys! You may have a typo, an option you specified is being unused from default_gtp.cfg and/or command-line and query overrides
2026-04-05 19:33:31+0800: WARNING: Unused key 'searchFactor' in default_gtp.cfg and/or command-line and query overrides
2026-04-05 19:33:31+0800: --------------
2026-04-05 19:33:31+0800: Loaded config default_gtp.cfg and/or command-line and query overrides
2026-04-05 19:33:31+0800: Loaded model default_model.bin.gz
2026-04-05 19:33:31+0800: Config override: searchFactor = 1.0
2026-04-05 19:33:31+0800: Model name: g170-b10c128-s1141046784-d204142634
2026-04-05 19:33:31+0800: GTP ready, beginning main protocol loop
2026-04-05 19:33:48+0800: Controller: clear_board
2026-04-05 19:33:48+0800: = 
2026-04-05 19:36:09+0800: Controller: clear_board
2026-04-05 19:36:09+0800: = 
2026-04-05 19:36:09+0800: Controller: clear_board
2026-04-05 19:36:09+0800: = 
2026-04-05 19:36:09+0800: Controller: play B D16
2026-04-05 19:36:09+0800: = 
2026-04-05 19:36:09+0800: Controller: genmove W
2026-04-05 19:36:09+0800: MoveNum: 1 HASH: B36725E12621D50CABD1F49562C7CDC4
   A B C D E F G H J K L M N O P Q R S T
19 . . . . . . . . . . . . . . . . . . .
18 . . . . . . . . . . . . . . . . . . .
17 . . . . . . . . . . . . . . . . . . .
16 . . . X1. . . . . . . . . . . . . . .
15 . . . . . . . . . . . . . . . . . . .
14 . . . . . . . . . . . . . . . . . . .
13 . . . . . . . . . . . . . . . . . . .
12 . . . . . . . . . . . . . . . . . . .
11 . . . . . . . . . . . . . . . . . . .
10 . . . . . . . . . . . . . . . . . . .
 9 . . . . . . . . . . . . . . . . . . .
 8 . . . . . . . . . . . . . . . . . . .
 7 . . . . . . . . . . . . . . . . . . .
 6 . . . . . . . . . . . . . . . . . . .
 5 . . . . . . . . . . . . . . . . . . .
 4 . . . . . . . . . . . . . . . . . . .
 3 . . . . . . . . . . . . . . . @ . . .
 2 . . . . . . . . . . . . . . . . . . .
 1 . . . . . . . . . . . . . . . . . . .

koPOSITIONALscoreAREAtaxNONEsui1komi7.5
Time taken: 0.187
Root visits: 505
New playouts: 505
NN rows: 424
NN batches: 138
NN avg batch size: 3.07246
PV: Q3 Q16 D4 Q5 R5
Tree:
: T   8.88c W   7.54c S   0.93c ( +1.1 L  +0.8) N     505  --  Q3 Q16 D4 Q5 R5
---White(^)---
Q3  : T   9.63c W   8.06c S   1.00c ( +1.2 L  +0.9) LCB    8.37c P  3.99% WF  86.4 PSV     243 N      86  --  Q3 Q16 D4 Q5 R5
D4  : T   9.01c W   7.65c S   0.93c ( +1.1 L  +0.8) LCB    7.93c P 22.04% WF 133.1 PSV     133 N     133  --  D4 R4 Q16 O3 C17 D17 C16
Q4  : T   8.56c W   7.39c S   0.91c ( +1.0 L  +0.8) LCB    7.47c P 23.19% WF 117.7 PSV      99 N     118  --  Q4 C4 Q16 F3 C17 C16
D3  : T   9.11c W   7.62c S   0.94c ( +1.1 L  +0.8) LCB    7.74c P  4.04% WF  78.1 PSV      26 N      78  --  D3 Q4 Q16 C5 F4 R17 Q17
C4  : T   8.73c W   7.58c S   0.92c ( +1.1 L  +0.8) LCB    7.55c P  3.71% WF  83.4 PSV      17 N      84  --  C4 Q4 Q16 E4 E3 F3 D3
C17 : T  -0.06c W  -0.88c S  -0.02c ( -0.1 L  +0.1) LCB  -28.02c P  0.97% WF   4.8 PSV       0 N       5  --  C17 D17 C16

2026-04-05 19:36:09+0800: = Q3
2026-04-05 19:36:09+0800: Controller: play W Q3
2026-04-05 19:36:09+0800: ? illegal move
2026-04-05 19:36:09+0800: Controller: clear_board
2026-04-05 19:36:09+0800: = 
2026-04-05 19:36:10+0800: Controller: play B A19
2026-04-05 19:36:10+0800: = 
2026-04-05 19:36:10+0800: Controller: genmove W
2026-04-05 19:36:10+0800: MoveNum: 1 HASH: 426903EEE9D4064900E82D130974601A
   A B C D E F G H J K L M N O P Q R S T
19 X1. . . . . . . . . . . . . . . . . .
18 . . . . . . . . . . . . . . . . . . .
17 . . . . . . . . . . . . . . . . . . .
16 . . . @ . . . . . . . . . . . . . . .
15 . . . . . . . . . . . . . . . . . . .
14 . . . . . . . . . . . . . . . . . . .
13 . . . . . . . . . . . . . . . . . . .
12 . . . . . . . . . . . . . . . . . . .
11 . . . . . . . . . . . . . . . . . . .
10 . . . . . . . . . . . . . . . . . . .
 9 . . . . . . . . . . . . . . . . . . .
 8 . . . . . . . . . . . . . . . . . . .
 7 . . . . . . . . . . . . . . . . . . .
 6 . . . . . . . . . . . . . . . . . . .
 5 . . . . . . . . . . . . . . . . . . .
 4 . . . . . . . . . . . . . . . . . . .
 3 . . . . . . . . . . . . . . . . . . .
 2 . . . . . . . . . . . . . . . . . . .
 1 . . . . . . . . . . . . . . . . . . .

koPOSITIONALscoreAREAtaxNONEsui1komi7.5
Time taken: 0.156
Root visits: 505
New playouts: 505
NN rows: 369
NN batches: 127
NN avg batch size: 2.90551
PV: D3 Q4 D16 R16
Tree:
: T  96.19c W  90.87c S   5.41c (+18.5 L +15.3) N     505  --  D3 Q4 D16 R16
---White(^)---
D3  : T  96.53c W  91.07c S   5.48c (+18.6 L +15.5) LCB   96.01c P  4.20% WF  73.2 PSV     206 N      73  --  D3 Q4 D16 R16
D16 : T  96.33c W  90.89c S   5.48c (+18.6 L +15.3) LCB   95.86c P 12.52% WF 128.1 PSV     128 N     128  --  D16 D4 Q4 Q16 C3
Q4  : T  96.06c W  90.87c S   5.35c (+18.4 L +15.2) LCB   95.58c P  9.20% WF  78.9 PSV      69 N      79  --  Q4 Q16 C16 D4 C3
D4  : T  95.92c W  90.70c S   5.34c (+18.4 L +15.1) LCB   95.31c P 10.30% WF  80.8 PSV      67 N      81  --  D4 D16 Q16 Q4 R3
C4  : T  96.32c W  90.97c S   5.46c (+18.6 L +15.5) LCB   95.58c P  4.97% WF  64.0 PSV      50 N      64  --  C4 Q16 D16 Q4 R17
Q3  : T  96.19c W  90.94c S   5.41c (+18.5 L +15.4) LCB   95.62c P  4.46% WF  50.0 PSV      38 N      50  --  Q3 D16 C4 Q16 R6
C16 : T  95.80c W  90.68c S   5.22c (+18.3 L +15.2) LCB   94.58c P  3.38% WF  24.9 PSV      20 N      25  --  C16 Q16 Q4 D4 C3
C17 : T  94.35c W  89.60c S   4.49c (+17.3 L +14.3) LCB   51.53c P  1.54% WF   4.0 PSV       4 N       4  --  C17 Q16 Q4

2026-04-05 19:36:10+0800: = D16
2026-04-05 19:36:10+0800: Controller: play W D16
2026-04-05 19:36:10+0800: ? illegal move
2026-04-05 19:36:10+0800: Controller: play B S1
2026-04-05 19:36:10+0800: = 
2026-04-05 19:36:10+0800: Controller: genmove W
2026-04-05 19:36:10+0800: MoveNum: 3 HASH: 0064947A60405336354E1BBE3AFA1FB5
   A B C D E F G H J K L M N O P Q R S T
19 X1. . . . . . . . . . . . . . . . . .
18 . . . . . . . . . . . . . . . . . . .
17 . . . . . . . . . . . . . . . . . . .
16 . . . O2. . . . . . . . . . . . . . .
15 . . . . . . . . . . . . . . . . . . .
14 . . . . . . . . . . . . . . . . . . .
13 . . . . . . . . . . . . . . . . . . .
12 . . . . . . . . . . . . . . . . . . .
11 . . . . . . . . . . . . . . . . . . .
10 . . . . . . . . . . . . . . . . . . .
 9 . . . . . . . . . . . . . . . . . . .
 8 . . . . . . . . . . . . . . . . . . .
 7 . . . . . . . . . . . . . . . . . . .
 6 . . . . . . . . . . . . . . . . . . .
 5 . . . . . . . . . . . . . . . . . . .
 4 . . . . . . . . . . . . . . . @ . . .
 3 . . . . . . . . . . . . . . . . . . .
 2 . . . . . . . . . . . . . . . . . . .
 1 . . . . . . . . . . . . . . . . . X3.

koPOSITIONALscoreAREAtaxNONEsui1komi7.5
Time taken: 0.156
Root visits: 505
New playouts: 505
NN rows: 407
NN batches: 139
NN avg batch size: 2.92806
PV: Q4 Q16 C4 R4 R5 R3
Tree:
: T 105.30c W  97.89c S   7.43c (+27.7 L +24.7) N     505  --  Q4 Q16 C4 R4 R5 R3
---White(^)---
Q4  : T 105.54c W  98.07c S   7.52c (+27.9 L +24.8) LCB  105.20c P 10.99% WF 113.2 PSV     143 N     113  --  Q4 Q16 C4 R4 R5 R3
D4  : T 105.32c W  97.86c S   7.46c (+27.8 L +24.6) LCB  104.75c P  7.53% WF  62.0 PSV      60 N      62  --  D4 Q16 Q4 Q3 P4 P3
D3  : T 105.38c W  97.84c S   7.55c (+27.9 L +24.8) LCB  104.81c P  6.85% WF  59.0 PSV      58 N      59  --  D3 Q16 Q4 C5 F4 C17
C4  : T 105.45c W  97.95c S   7.49c (+27.8 L +24.8) LCB  105.04c P  5.95% WF  55.0 PSV      55 N      55  --  C4 Q4 Q16 E3 D5
Q16 : T 105.37c W  97.86c S   7.53c (+27.9 L +24.6) LCB  104.59c P  5.95% WF  51.0 PSV      50 N      51  --  Q16 D4 Q4 Q3 P3 P4
Q17 : T 105.22c W  97.91c S   7.46c (+27.8 L +24.8) LCB  104.41c P  4.92% WF  35.0 PSV      35 N      35  --  Q17 D4 Q4 R15 O16
R16 : T 105.39c W  97.84c S   7.59c (+28.0 L +24.8) LCB  104.59c P  4.04% WF  35.0 PSV      35 N      35  --  R16 D4 Q4 Q3 P3 P4
R4  : T 104.84c W  97.83c S   7.00c (+27.2 L +24.2) LCB  103.84c P  5.84% WF  30.9 PSV      31 N      31  --  R4 Q3 Q4 P3 P4 O4
R17 : T 105.05c W  97.65c S   7.37c (+27.7 L +24.5) LCB  102.23c P  2.67% WF  16.0 PSV      16 N      16  --  R17 C4 R4 Q3
C3  : T 105.25c W  97.80c S   7.37c (+27.7 L +24.7) LCB  102.36c P  2.21% WF  16.0 PSV      16 N      16  --  C3 Q16 Q4 R4 R5

2026-04-05 19:36:10+0800: = Q4
2026-04-05 19:36:10+0800: Controller: play W Q4
2026-04-05 19:36:10+0800: ? illegal move
2026-04-05 19:36:10+0800: Controller: clear_board
2026-04-05 19:36:10+0800: = 
2026-04-05 19:36:10+0800: Controller: play B J10
2026-04-05 19:36:10+0800: = 
2026-04-05 19:36:10+0800: Controller: genmove W
2026-04-05 19:36:10+0800: MoveNum: 1 HASH: B4C2D8B64713229761665C78C52F6FBF
   A B C D E F G H J K L M N O P Q R S T
19 . . . . . . . . . . . . . . . . . . .
18 . . . . . . . . . . . . . . . . . . .
17 . . . . . . . . . . . . . . . . . . .
16 . . . . . . . . . . . . . . . . . . .
15 . . . . . . . . . . . . . . . . . . .
14 . . . . . . . . . . . . . . . . . . .
13 . . . . . . . . . . . . . . . . . . .
12 . . . . . . . . . . . . . . . . . . .
11 . . . . . . . . . . . . . . . . . . .
10 . . . . . . . . X1. . . . . . . . . .
 9 . . . . . . . . . . . . . . . . . . .
 8 . . . . . . . . . . . . . . . . . . .
 7 . . . . . . . . . . . . . . . . . . .
 6 . . . . . . . . . . . . . . . . . . .
 5 . . . . . . . . . . . . . . . . . . .
 4 . . . @ . . . . . . . . . . . . . . .
 3 . . . . . . . . . . . . . . . . . . .
 2 . . . . . . . . . . . . . . . . . . .
 1 . . . . . . . . . . . . . . . . . . .

koPOSITIONALscoreAREAtaxNONEsui1komi7.5
Time taken: 0.156
Root visits: 505
New playouts: 505
NN rows: 390
NN batches: 127
NN avg batch size: 3.07087
PV: R4 D16 Q16 D3 O3 R17
Tree:
: T  21.08c W  20.29c S   0.40c ( +3.2 L  +2.4) N     505  --  R4 D16 Q16 D3 O3 R17
---White(^)---
R4  : T  21.63c W  20.65c S   0.39c ( +3.1 L  +2.4) LCB   20.31c P  3.39% WF  86.3 PSV     227 N      86  --  R4 D16 Q16 D3 O3 R17
D4  : T  20.52c W  19.89c S   0.44c ( +3.2 L  +2.5) LCB   19.65c P 16.78% WF  97.6 PSV      98 N      98  --  D4 Q4 D16 Q16 R3
Q3  : T  21.49c W  20.63c S   0.39c ( +3.1 L  +2.4) LCB   20.07c P  3.02% WF  80.2 PSV      80 N      80  --  Q3 Q16 D16 D4 R6 C17 C16
C4  : T  21.41c W  20.64c S   0.38c ( +3.1 L  +2.4) LCB   20.03c P  2.73% WF  79.2 PSV      74 N      79  --  C4 Q4 Q16 D17 F3 R17
Q4  : T  20.16c W  19.52c S   0.40c ( +3.2 L  +2.4) LCB   19.01c P 15.46% WF  83.5 PSV      69 N      84  --  Q4 Q16 D4 D16 C17 C16
D3  : T  21.39c W  20.52c S   0.39c ( +3.1 L  +2.4) LCB   20.12c P  2.69% WF  77.2 PSV      69 N      77  --  D3 Q16 D16 Q4 C6 C17 C16

2026-04-05 19:36:10+0800: = D4
2026-04-05 19:36:10+0800: Controller: play W D4
2026-04-05 19:36:10+0800: ? illegal move
2026-04-05 19:36:11+0800: Controller: clear_board
2026-04-05 19:36:11+0800: = 
2026-04-05 19:36:11+0800: Controller: play B J10
2026-04-05 19:36:11+0800: = 
2026-04-05 19:36:11+0800: Controller: genmove W
2026-04-05 19:36:11+0800: MoveNum: 1 HASH: B4C2D8B64713229761665C78C52F6FBF
   A B C D E F G H J K L M N O P Q R S T
19 . . . . . . . . . . . . . . . . . . .
18 . . . . . . . . . . . . . . . . . . .
17 . . . . . . . . . . . . . . . . . . .
16 . . . . . . . . . . . . . . . . . . .
15 . . . . . . . . . . . . . . . . . . .
14 . . . . . . . . . . . . . . . . . . .
13 . . . . . . . . . . . . . . . . . . .
12 . . . . . . . . . . . . . . . . . . .
11 . . . . . . . . . . . . . . . . . . .
10 . . . . . . . . X1. . . . . . . . . .
 9 . . . . . . . . . . . . . . . . . . .
 8 . . . . . . . . . . . . . . . . . . .
 7 . . . . . . . . . . . . . . . . . . .
 6 . . . . . . . . . . . . . . . . . . .
 5 . . . . . . . . . . . . . . . . . . .
 4 . . . . . . . . . . . . . . . . . . .
 3 . . . @ . . . . . . . . . . . . . . .
 2 . . . . . . . . . . . . . . . . . . .
 1 . . . . . . . . . . . . . . . . . . .

koPOSITIONALscoreAREAtaxNONEsui1komi7.5
Time taken: 0.015
Root visits: 505
New playouts: 505
NN rows: 21
NN batches: 8
NN avg batch size: 2.625
PV: D3 Q16 D16 Q4 C6 C17 C16
Tree:
: T  20.98c W  20.27c S   0.40c ( +3.2 L  +2.4) N     505  --  D3 Q16 D16 Q4 C6 C17 C16
---White(^)---
D3  : T  21.74c W  20.70c S   0.42c ( +3.2 L  +2.4) LCB   20.42c P  2.69% WF  76.4 PSV     318 N      76  --  D3 Q16 D16 Q4 C6 C17 C16
D4  : T  20.27c W  19.80c S   0.43c ( +3.2 L  +2.5) LCB   19.42c P 16.78% WF 101.5 PSV     102 N     102  --  D4 Q16 Q4 D16 C17
R4  : T  21.50c W  20.63c S   0.39c ( +3.1 L  +2.4) LCB   20.22c P  3.39% WF  89.3 PSV      89 N      89  --  R4 D16 Q16 D3 O3 R17
Q4  : T  20.09c W  19.58c S   0.40c ( +3.2 L  +2.4) LCB   18.86c P 15.46% WF  85.5 PSV      81 N      86  --  Q4 D16 D4 Q16 C17
C4  : T  21.54c W  20.74c S   0.40c ( +3.2 L  +2.4) LCB   20.17c P  2.73% WF  80.3 PSV      80 N      80  --  C4 Q4 D16 Q16 F3 C17 D17
Q3  : T  21.02c W  20.37c S   0.35c ( +3.1 L  +2.4) LCB   19.42c P  3.02% WF  71.0 PSV      59 N      71  --  Q3 Q16 D16 D4 R6 C17 D17

2026-04-05 19:36:11+0800: = D3
2026-04-05 19:36:11+0800: Controller: play W D3
2026-04-05 19:36:11+0800: ? illegal move
2026-04-05 19:36:11+0800: Controller: clear_board
2026-04-05 19:36:11+0800: = 
2026-04-05 19:36:11+0800: Controller: play B J10
2026-04-05 19:36:11+0800: = 
2026-04-05 19:36:11+0800: Controller: genmove W
2026-04-05 19:36:11+0800: MoveNum: 1 HASH: B4C2D8B64713229761665C78C52F6FBF
   A B C D E F G H J K L M N O P Q R S T
19 . . . . . . . . . . . . . . . . . . .
18 . . . . . . . . . . . . . . . . . . .
17 . . . . . . . . . . . . . . . . . . .
16 . . . . . . . . . . . . . . . . . . .
15 . . . . . . . . . . . . . . . . . . .
14 . . . . . . . . . . . . . . . . . . .
13 . . . . . . . . . . . . . . . . . . .
12 . . . . . . . . . . . . . . . . . . .
11 . . . . . . . . . . . . . . . . . . .
10 . . . . . . . . X1. . . . . . . . . .
 9 . . . . . . . . . . . . . . . . . . .
 8 . . . . . . . . . . . . . . . . . . .
 7 . . . . . . . . . . . . . . . . . . .
 6 . . . . . . . . . . . . . . . . . . .
 5 . . . . . . . . . . . . . . . . . . .
 4 . . . . . . . . . . . . . . . . . . .
 3 . . . . . . . . . . . . . . . @ . . .
 2 . . . . . . . . . . . . . . . . . . .
 1 . . . . . . . . . . . . . . . . . . .

koPOSITIONALscoreAREAtaxNONEsui1komi7.5
Time taken: 0
Root visits: 505
New playouts: 505
NN rows: 8
NN batches: 4
NN avg batch size: 2
PV: R4 D16 Q16 D4 O3 R17
Tree:
: T  21.04c W  20.27c S   0.40c ( +3.2 L  +2.4) N     505  --  R4 D16 Q16 D4 O3 R17
---White(^)---
R4  : T  21.75c W  20.67c S   0.40c ( +3.2 L  +2.4) LCB   20.32c P  3.39% WF  80.4 PSV     267 N      80  --  R4 D16 Q16 D4 O3 R17
D4  : T  20.27c W  19.83c S   0.44c ( +3.2 L  +2.5) LCB   19.28c P 16.78% WF  92.5 PSV      93 N      93  --  D4 Q4 D16 Q16 R3
Q3  : T  21.42c W  20.59c S   0.38c ( +3.1 L  +2.4) LCB   19.92c P  3.02% WF  82.2 PSV      82 N      82  --  Q3 D16 D4 Q16 R6 C3 C4
C4  : T  21.44c W  20.65c S   0.38c ( +3.1 L  +2.4) LCB   20.03c P  2.73% WF  81.2 PSV      81 N      81  --  C4 Q4 Q16 D17 F3 R17
D3  : T  21.47c W  20.55c S   0.39c ( +3.1 L  +2.4) LCB   20.24c P  2.69% WF  79.2 PSV      79 N      79  --  D3 Q16 D16 Q4 C6 C17 C16
Q4  : T  20.09c W  19.49c S   0.40c ( +3.2 L  +2.4) LCB   18.96c P 15.46% WF  88.4 PSV      75 N      89  --  Q4 D16 D4 Q16 C17 C16

2026-04-05 19:36:11+0800: = Q3
2026-04-05 19:36:11+0800: Controller: play W Q3
2026-04-05 19:36:11+0800: ? illegal move
