2026-04-05 19:57:21+0800: Running with following config:
allowResignation = true
lagBuffer = 1.0
logAllGTPCommunication = true
logDir = gtp_logs
logSearchInfo = true
logSearchInfoForChosenMove = false
logToStderr = false
maxTimePondering = 60.0
maxVisits = 500
numSearchThreads = 6
ponderingEnabled = false
resignConsecTurns = 3
resignThreshold = -0.90
rules = tromp-taylor
searchFactor = 0.5
searchFactorAfterOnePass = 0.50
searchFactorAfterTwoPass = 0.25
searchFactorWhenWinning = 0.40
searchFactorWhenWinningThreshold = 0.95

2026-04-05 19:57:21+0800: GTP Engine starting...
2026-04-05 19:57:21+0800: KataGo v1.16.4
2026-04-05 19:57:21+0800: Using TrompTaylor rules initially, unless GTP/GUI overrides this
2026-04-05 19:57:21+0800: Using 6 CPU thread(s) for search
2026-04-05 19:57:21+0800: nnRandSeed0 = 104460728721882704
2026-04-05 19:57:21+0800: After dedups: nnModelFile0 = default_model.bin.gz useFP16 auto useNHWC auto
2026-04-05 19:57:21+0800: Initializing neural net buffer to be size 19 * 19 exactly
2026-04-05 19:57:21+0800: Found OpenCL Platform 0: NVIDIA CUDA (NVIDIA Corporation) (OpenCL 3.0 CUDA 13.0.97)
2026-04-05 19:57:21+0800: Found 1 device(s) on platform 0 with type CPU or GPU or Accelerator
2026-04-05 19:57:21+0800: Found OpenCL Platform 1: Intel(R) OpenCL Graphics (Intel(R) Corporation) (OpenCL 3.0 )
2026-04-05 19:57:21+0800: Found 1 device(s) on platform 1 with type CPU or GPU or Accelerator
2026-04-05 19:57:21+0800: Found OpenCL Device 0: NVIDIA GeForce RTX 5060 Laptop GPU (NVIDIA Corporation) (score 11000300)
2026-04-05 19:57:21+0800: Found OpenCL Device 1: Intel(R) RaptorLake-S Mobile Graphics Controller (Intel(R) Corporation) (score 6000300)
2026-04-05 19:57:21+0800: Creating context for OpenCL Platform: NVIDIA CUDA (NVIDIA Corporation) (OpenCL 3.0 CUDA 13.0.97)
2026-04-05 19:57:21+0800: Using OpenCL Device 0: NVIDIA GeForce RTX 5060 Laptop GPU (NVIDIA Corporation) OpenCL 3.0 CUDA (Extensions: cl_khr_global_int32_base_atomics cl_khr_global_int32_extended_atomics cl_khr_local_int32_base_atomics cl_khr_local_int32_extended_atomics cl_khr_fp64 cl_khr_3d_image_writes cl_khr_byte_addressable_store cl_khr_icd cl_khr_gl_sharing cl_nv_compiler_options cl_nv_device_attribute_query cl_nv_pragma_unroll cl_nv_d3d10_sharing cl_khr_d3d10_sharing cl_nv_d3d11_sharing cl_nv_copy_opts cl_nv_create_buffer cl_khr_int64_base_atomics cl_khr_int64_extended_atomics cl_khr_device_uuid cl_khr_pci_bus_info cl_khr_external_semaphore cl_khr_external_memory cl_khr_external_semaphore_win32 cl_khr_external_memory_win32 cl_khr_semaphore)
2026-04-05 19:57:21+0800: Loaded tuning parameters from: C:\Users\Legolas\Documents\trae_projects\Project_seven/KataGoData/opencltuning/tune11_gpuNVIDIAGeForceRTX5060LaptopGPU_x19_y19_c128_mv8.txt
2026-04-05 19:57:22+0800: OpenCL backend thread 0: Model version 8
2026-04-05 19:57:22+0800: OpenCL backend thread 0: Model name: g170-b10c128-s1141046784-d204142634
2026-04-05 19:57:22+0800: OpenCL backend thread 0: FP16Storage true FP16Compute false FP16TensorCores true FP16TensorCoresFor1x1 false
2026-04-05 19:57:22+0800: Loaded neural net with nnXLen 19 nnYLen 19
2026-04-05 19:57:22+0800: Initializing board with boardXSize 19 boardYSize 19
2026-04-05 19:57:22+0800: --------------
2026-04-05 19:57:22+0800: WARNING: Config had unused keys! You may have a typo, an option you specified is being unused from default_gtp.cfg and/or command-line and query overrides
2026-04-05 19:57:22+0800: WARNING: Unused key 'searchFactor' in default_gtp.cfg and/or command-line and query overrides
2026-04-05 19:57:22+0800: --------------
2026-04-05 19:57:22+0800: Loaded config default_gtp.cfg and/or command-line and query overrides
2026-04-05 19:57:22+0800: Loaded model default_model.bin.gz
2026-04-05 19:57:22+0800: Config override: searchFactor = 0.5
2026-04-05 19:57:22+0800: Model name: g170-b10c128-s1141046784-d204142634
2026-04-05 19:57:22+0800: GTP ready, beginning main protocol loop
2026-04-05 19:57:26+0800: Controller: play B J9
2026-04-05 19:57:26+0800: = 
2026-04-05 19:57:26+0800: Controller: genmove W
2026-04-05 19:57:26+0800: MoveNum: 1 HASH: DAE6DB732B3BFCA463246DBFBC383532
   A B C D E F G H J K L M N O P Q R S T
19 . . . . . . . . . . . . . . . . . . .
18 . . . . . . . . . . . . . . . . . . .
17 . . . @ . . . . . . . . . . . . . . .
16 . . . . . . . . . . . . . . . . . . .
15 . . . . . . . . . . . . . . . . . . .
14 . . . . . . . . . . . . . . . . . . .
13 . . . . . . . . . . . . . . . . . . .
12 . . . . . . . . . . . . . . . . . . .
11 . . . . . . . . . . . . . . . . . . .
10 . . . . . . . . . . . . . . . . . . .
 9 . . . . . . . . X1. . . . . . . . . .
 8 . . . . . . . . . . . . . . . . . . .
 7 . . . . . . . . . . . . . . . . . . .
 6 . . . . . . . . . . . . . . . . . . .
 5 . . . . . . . . . . . . . . . . . . .
 4 . . . . . . . . . . . . . . . . . . .
 3 . . . . . . . . . . . . . . . . . . .
 2 . . . . . . . . . . . . . . . . . . .
 1 . . . . . . . . . . . . . . . . . . .

koPOSITIONALscoreAREAtaxNONEsui1komi7.5
Time taken: 0.203
Root visits: 505
New playouts: 505
NN rows: 376
NN batches: 88
NN avg batch size: 4.27273
PV: D17 Q4 D4 R16 P16 P17 O17
Tree:
: T  20.99c W  20.35c S   0.38c ( +3.2 L  +2.4) N     505  --  D17 Q4 D4 R16 P16 P17 O17
---White(^)---
D17 : T  22.10c W  21.16c S   0.40c ( +3.2 L  +2.5) LCB   20.45c P  3.00% WF  75.5 PSV     241 N      75  --  D17 Q4 D4 R16 P16 P17 O17
D4  : T  20.73c W  20.15c S   0.45c ( +3.2 L  +2.5) LCB   19.77c P 18.01% WF 107.8 PSV     108 N     108  --  D4 Q16 D16 Q4 R17 Q17
D16 : T  20.32c W  19.86c S   0.39c ( +3.2 L  +2.5) LCB   19.06c P 16.14% WF  81.6 PSV      71 N      82  --  D16 Q4 C4 Q16 F3 C17
C16 : T  21.45c W  20.67c S   0.36c ( +3.1 L  +2.4) LCB   20.21c P  3.55% WF  67.2 PSV      61 N      67  --  C16 Q4 D4 Q16 F17 C3 D3 C4
Q16 : T  19.62c W  19.18c S   0.29c ( +3.0 L  +2.4) LCB   18.27c P 16.02% WF  46.6 PSV      47 N      47  --  Q16 Q4 D4 D16 C17 D17
C4  : T  21.28c W  20.61c S   0.36c ( +3.1 L  +2.4) LCB   19.74c P  3.79% WF  78.2 PSV      46 N      78  --  C4 C16 Q16 Q3 F3
Q17 : T  21.23c W  20.65c S   0.36c ( +3.1 L  +2.4) LCB   19.34c P  2.59% WF  47.1 PSV      28 N      47  --  Q17 D16 D4 Q4 R14 C3

2026-04-05 19:57:26+0800: = D17
2026-04-05 19:57:26+0800: Controller: play W D17
2026-04-05 19:57:26+0800: ? illegal move
