2026-04-05 19:56:33+0800: Running with following config:
allowResignation = true
lagBuffer = 1.0
logAllGTPCommunication = true
logDir = gtp_logs
logSearchInfo = true
logSearchInfoForChosenMove = false
logToStderr = false
maxTimePondering = 60.0
maxVisits = 500
numSearchThreads = 6
ponderingEnabled = false
resignConsecTurns = 3
resignThreshold = -0.90
rules = tromp-taylor
searchFactor = 1.0
searchFactorAfterOnePass = 0.50
searchFactorAfterTwoPass = 0.25
searchFactorWhenWinning = 0.40
searchFactorWhenWinningThreshold = 0.95

2026-04-05 19:56:33+0800: GTP Engine starting...
2026-04-05 19:56:33+0800: KataGo v1.16.4
2026-04-05 19:56:33+0800: Using TrompTaylor rules initially, unless GTP/GUI overrides this
2026-04-05 19:56:33+0800: Using 6 CPU thread(s) for search
2026-04-05 19:56:33+0800: nnRandSeed0 = 1140902239834476796
2026-04-05 19:56:33+0800: After dedups: nnModelFile0 = default_model.bin.gz useFP16 auto useNHWC auto
2026-04-05 19:56:33+0800: Initializing neural net buffer to be size 19 * 19 exactly
2026-04-05 19:56:34+0800: Found OpenCL Platform 0: NVIDIA CUDA (NVIDIA Corporation) (OpenCL 3.0 CUDA 13.0.97)
2026-04-05 19:56:34+0800: Found 1 device(s) on platform 0 with type CPU or GPU or Accelerator
2026-04-05 19:56:34+0800: Found OpenCL Platform 1: Intel(R) OpenCL Graphics (Intel(R) Corporation) (OpenCL 3.0 )
2026-04-05 19:56:34+0800: Found 1 device(s) on platform 1 with type CPU or GPU or Accelerator
2026-04-05 19:56:34+0800: Found OpenCL Device 0: NVIDIA GeForce RTX 5060 Laptop GPU (NVIDIA Corporation) (score 11000300)
2026-04-05 19:56:34+0800: Found OpenCL Device 1: Intel(R) RaptorLake-S Mobile Graphics Controller (Intel(R) Corporation) (score 6000300)
2026-04-05 19:56:34+0800: Creating context for OpenCL Platform: NVIDIA CUDA (NVIDIA Corporation) (OpenCL 3.0 CUDA 13.0.97)
2026-04-05 19:56:34+0800: Using OpenCL Device 0: NVIDIA GeForce RTX 5060 Laptop GPU (NVIDIA Corporation) OpenCL 3.0 CUDA (Extensions: cl_khr_global_int32_base_atomics cl_khr_global_int32_extended_atomics cl_khr_local_int32_base_atomics cl_khr_local_int32_extended_atomics cl_khr_fp64 cl_khr_3d_image_writes cl_khr_byte_addressable_store cl_khr_icd cl_khr_gl_sharing cl_nv_compiler_options cl_nv_device_attribute_query cl_nv_pragma_unroll cl_nv_d3d10_sharing cl_khr_d3d10_sharing cl_nv_d3d11_sharing cl_nv_copy_opts cl_nv_create_buffer cl_khr_int64_base_atomics cl_khr_int64_extended_atomics cl_khr_device_uuid cl_khr_pci_bus_info cl_khr_external_semaphore cl_khr_external_memory cl_khr_external_semaphore_win32 cl_khr_external_memory_win32 cl_khr_semaphore)
2026-04-05 19:56:34+0800: Loaded tuning parameters from: C:\Users\Legolas\Documents\trae_projects\Project_seven/KataGoData/opencltuning/tune11_gpuNVIDIAGeForceRTX5060LaptopGPU_x19_y19_c128_mv8.txt
2026-04-05 19:56:35+0800: OpenCL backend thread 0: Model version 8
2026-04-05 19:56:35+0800: OpenCL backend thread 0: Model name: g170-b10c128-s1141046784-d204142634
2026-04-05 19:56:35+0800: OpenCL backend thread 0: FP16Storage true FP16Compute false FP16TensorCores true FP16TensorCoresFor1x1 false
2026-04-05 19:56:35+0800: Loaded neural net with nnXLen 19 nnYLen 19
2026-04-05 19:56:35+0800: Initializing board with boardXSize 19 boardYSize 19
2026-04-05 19:56:35+0800: --------------
2026-04-05 19:56:35+0800: WARNING: Config had unused keys! You may have a typo, an option you specified is being unused from default_gtp.cfg and/or command-line and query overrides
2026-04-05 19:56:35+0800: WARNING: Unused key 'searchFactor' in default_gtp.cfg and/or command-line and query overrides
2026-04-05 19:56:35+0800: --------------
2026-04-05 19:56:35+0800: Loaded config default_gtp.cfg and/or command-line and query overrides
2026-04-05 19:56:35+0800: Loaded model default_model.bin.gz
2026-04-05 19:56:35+0800: Config override: searchFactor = 1.0
2026-04-05 19:56:35+0800: Model name: g170-b10c128-s1141046784-d204142634
2026-04-05 19:56:35+0800: GTP ready, beginning main protocol loop
2026-04-05 19:56:38+0800: Controller: play B D16
2026-04-05 19:56:38+0800: = 
2026-04-05 19:56:38+0800: Controller: genmove W
2026-04-05 19:56:39+0800: MoveNum: 1 HASH: B36725E12621D50CABD1F49562C7CDC4
   A B C D E F G H J K L M N O P Q R S T
19 . . . . . . . . . . . . . . . . . . .
18 . . . . . . . . . . . . . . . . . . .
17 . . . . . . . . . . . . . . . . . . .
16 . . . X1. . . . . . . . . . . . . . .
15 . . . . . . . . . . . . . . . . . . .
14 . . . . . . . . . . . . . . . . . . .
13 . . . . . . . . . . . . . . . . . . .
12 . . . . . . . . . . . . . . . . . . .
11 . . . . . . . . . . . . . . . . . . .
10 . . . . . . . . . . . . . . . . . . .
 9 . . . . . . . . . . . . . . . . . . .
 8 . . . . . . . . . . . . . . . . . . .
 7 . . . . . . . . . . . . . . . . . . .
 6 . . . . . . . . . . . . . . . . . . .
 5 . . . . . . . . . . . . . . . . . . .
 4 . . . . . . . . . . . . . . . @ . . .
 3 . . . . . . . . . . . . . . . . . . .
 2 . . . . . . . . . . . . . . . . . . .
 1 . . . . . . . . . . . . . . . . . . .

koPOSITIONALscoreAREAtaxNONEsui1komi7.5
Time taken: 0.235
Root visits: 505
New playouts: 505
NN rows: 433
NN batches: 116
NN avg batch size: 3.73276
PV: Q3 Q16 C4 Q5 R5 R6 R4
Tree:
: T   8.92c W   7.46c S   1.21c ( +1.0 L  +0.8) N     505  --  Q3 Q16 C4 Q5 R5 R6 R4
---White(^)---
Q3  : T   9.40c W   7.69c S   1.24c ( +1.1 L  +0.8) LCB    8.03c P  4.08% WF  80.2 PSV     195 N      80  --  Q3 Q16 C4 Q5 R5 R6 R4
Q4  : T   8.94c W   7.57c S   1.22c ( +1.1 L  +0.8) LCB    7.94c P 22.55% WF 131.0 PSV     131 N     131  --  Q4 D4 Q16 R17 Q17 R16
D4  : T   8.60c W   7.36c S   1.18c ( +1.0 L  +0.8) LCB    7.36c P 22.37% WF 101.7 PSV     101 N     102  --  D4 Q4 R16 P17 Q14 C3 C4
D3  : T   9.35c W   7.70c S   1.24c ( +1.1 L  +0.8) LCB    7.91c P  4.27% WF  75.2 PSV      38 N      75  --  D3 Q16 Q4 D5 C5 C6
C4  : T   9.19c W   7.67c S   1.23c ( +1.1 L  +0.8) LCB    7.90c P  4.94% WF  87.1 PSV      36 N      87  --  C4 Q4 Q16 E4 E3 F3 D3
R3  : T   6.97c W   5.59c S   1.01c ( +0.8 L  +0.6) LCB    3.68c P  0.70% WF  26.4 PSV       1 N      29  --  R3 Q17 D4 R14

2026-04-05 19:56:39+0800: = Q4
2026-04-05 19:56:39+0800: Controller: play W Q4
2026-04-05 19:56:39+0800: ? illegal move
2026-04-05 19:56:39+0800: Controller: clear_board
2026-04-05 19:56:39+0800: = 
2026-04-05 19:56:39+0800: Controller: play B A19
2026-04-05 19:56:39+0800: = 
2026-04-05 19:56:39+0800: Controller: genmove W
2026-04-05 19:56:39+0800: MoveNum: 1 HASH: 426903EEE9D4064900E82D130974601A
   A B C D E F G H J K L M N O P Q R S T
19 X1. . . . . . . . . . . . . . . . . .
18 . . . . . . . . . . . . . . . . . . .
17 . . . . . . . . . . . . . . . . . . .
16 . . . @ . . . . . . . . . . . . . . .
15 . . . . . . . . . . . . . . . . . . .
14 . . . . . . . . . . . . . . . . . . .
13 . . . . . . . . . . . . . . . . . . .
12 . . . . . . . . . . . . . . . . . . .
11 . . . . . . . . . . . . . . . . . . .
10 . . . . . . . . . . . . . . . . . . .
 9 . . . . . . . . . . . . . . . . . . .
 8 . . . . . . . . . . . . . . . . . . .
 7 . . . . . . . . . . . . . . . . . . .
 6 . . . . . . . . . . . . . . . . . . .
 5 . . . . . . . . . . . . . . . . . . .
 4 . . . . . . . . . . . . . . . . . . .
 3 . . . . . . . . . . . . . . . . . . .
 2 . . . . . . . . . . . . . . . . . . .
 1 . . . . . . . . . . . . . . . . . . .

koPOSITIONALscoreAREAtaxNONEsui1komi7.5
Time taken: 0.219
Root visits: 505
New playouts: 505
NN rows: 373
NN batches: 94
NN avg batch size: 3.96809
PV: D16 Q4 R16 C4 E4
Tree:
: T  96.34c W  90.88c S   5.49c (+18.4 L +15.2) N     505  --  D16 Q4 R16 C4 E4
---White(^)---
D16 : T  96.43c W  90.81c S   5.57c (+18.5 L +15.2) LCB   96.06c P 13.02% WF 116.1 PSV     128 N     116  --  D16 Q4 R16 C4 E4
C16 : T  96.47c W  91.04c S   5.42c (+18.3 L +15.2) LCB   95.81c P  6.73% WF  80.1 PSV      63 N      80  --  C16 Q4 D3 Q16 F17
D4  : T  96.22c W  90.79c S   5.50c (+18.4 L +15.2) LCB   95.75c P  8.44% WF  73.9 PSV      60 N      74  --  D4 Q4 D16 Q16 R3
Q4  : T  96.39c W  90.88c S   5.48c (+18.4 L +15.1) LCB   95.84c P  6.55% WF  60.0 PSV      56 N      60  --  Q4 D16 R16 D4 O17
Q3  : T  96.39c W  90.99c S   5.51c (+18.4 L +15.3) LCB   95.91c P  6.17% WF  76.0 PSV      52 N      76  --  Q3 D16 Q16 C4
C4  : T  96.30c W  90.86c S   5.59c (+18.5 L +15.4) LCB   95.63c P  5.47% WF  60.0 PSV      42 N      60  --  C4 D16 Q17 Q4 R3
D3  : T  96.09c W  90.93c S   5.32c (+18.2 L +15.1) LCB   95.00c P  3.51% WF  28.0 PSV      22 N      28  --  D3 Q4 D16 Q16 R17
R3  : T  95.77c W  90.67c S   5.03c (+17.8 L +14.9) LCB   88.61c P  1.76% WF  10.0 PSV       8 N      10  --  R3 D16 D4 Q16

2026-04-05 19:56:39+0800: = D16
2026-04-05 19:56:39+0800: Controller: play W D16
2026-04-05 19:56:39+0800: ? illegal move
2026-04-05 19:56:39+0800: Controller: play B S1
2026-04-05 19:56:39+0800: = 
2026-04-05 19:56:39+0800: Controller: genmove W
2026-04-05 19:56:39+0800: MoveNum: 3 HASH: 0064947A60405336354E1BBE3AFA1FB5
   A B C D E F G H J K L M N O P Q R S T
19 X1. . . . . . . . . . . . . . . . . .
18 . . . . . . . . . . . . . . . . . . .
17 . . . . . . . . . . . . . . . . . . .
16 . . . O2. . . . . . . . . . . . . . .
15 . . . . . . . . . . . . . . . . . . .
14 . . . . . . . . . . . . . . . . . . .
13 . . . . . . . . . . . . . . . . . . .
12 . . . . . . . . . . . . . . . . . . .
11 . . . . . . . . . . . . . . . . . . .
10 . . . . . . . . . . . . . . . . . . .
 9 . . . . . . . . . . . . . . . . . . .
 8 . . . . . . . . . . . . . . . . . . .
 7 . . . . . . . . . . . . . . . . . . .
 6 . . . . . . . . . . . . . . . . . . .
 5 . . . . . . . . . . . . . . . . . . .
 4 . . . . . . . . . . . . . . . @ . . .
 3 . . . . . . . . . . . . . . . . . . .
 2 . . . . . . . . . . . . . . . . . . .
 1 . . . . . . . . . . . . . . . . . X3.

koPOSITIONALscoreAREAtaxNONEsui1komi7.5
Time taken: 0.219
Root visits: 505
New playouts: 505
NN rows: 413
NN batches: 92
NN avg batch size: 4.48913
PV: Q4 D4 Q17 Q3 P4 P3
Tree:
: T 105.24c W  97.91c S   7.37c (+27.7 L +24.6) N     505  --  Q4 D4 Q17 Q3 P4 P3
---White(^)---
Q4  : T 105.48c W  98.08c S   7.45c (+27.8 L +24.8) LCB  105.14c P 10.99% WF 117.2 PSV     153 N     117  --  Q4 D4 Q17 Q3 P4 P3
D3  : T 105.54c W  97.97c S   7.58c (+27.9 L +24.9) LCB  105.08c P  6.85% WF  66.1 PSV      66 N      66  --  D3 Q16 Q4 Q3 P3 R4
D4  : T 105.16c W  97.86c S   7.40c (+27.7 L +24.5) LCB  104.59c P  7.53% WF  55.9 PSV      56 N      56  --  D4 Q16 Q4 Q3 P4 P3 O4
C4  : T 105.38c W  97.91c S   7.50c (+27.8 L +24.8) LCB  104.72c P  5.95% WF  49.0 PSV      49 N      49  --  C4 Q16 Q4 Q3 P4
Q17 : T 105.37c W  97.90c S   7.55c (+27.9 L +24.8) LCB  104.75c P  4.92% WF  46.0 PSV      45 N      46  --  Q17 D4 Q4 Q3 P4 P3
Q16 : T 105.18c W  97.82c S   7.47c (+27.8 L +24.5) LCB  104.41c P  5.95% WF  45.0 PSV      45 N      45  --  Q16 D4 Q4 Q3 P3 R4
R16 : T 105.10c W  97.73c S   7.38c (+27.7 L +24.6) LCB  104.07c P  4.04% WF  28.0 PSV      28 N      28  --  R16 Q4 C4 E3 D6
R4  : T 104.44c W  97.85c S   6.67c (+26.7 L +23.9) LCB  103.22c P  5.84% WF  25.9 PSV      25 N      26  --  R4 Q3 Q4 P3 P4
R17 : T 105.26c W  97.90c S   7.37c (+27.6 L +24.7) LCB  103.45c P  2.67% WF  21.0 PSV      21 N      21  --  R17 C4 Q4 R4 R5
C3  : T 105.21c W  97.89c S   7.37c (+27.6 L +24.7) LCB  103.09c P  2.21% WF  19.0 PSV      17 N      19  --  C3 Q16 Q4 Q3 P3

2026-04-05 19:56:39+0800: = Q4
2026-04-05 19:56:39+0800: Controller: play W Q4
2026-04-05 19:56:39+0800: ? illegal move
2026-04-05 19:56:40+0800: Controller: clear_board
2026-04-05 19:56:40+0800: = 
2026-04-05 19:56:40+0800: Controller: play B J10
2026-04-05 19:56:40+0800: = 
2026-04-05 19:56:40+0800: Controller: genmove W
2026-04-05 19:56:40+0800: MoveNum: 1 HASH: B4C2D8B64713229761665C78C52F6FBF
   A B C D E F G H J K L M N O P Q R S T
19 . . . . . . . . . . . . . . . . . . .
18 . . . . . . . . . . . . . . . . . . .
17 . . . . . . . . . . . . . . . . . . .
16 . . . . . . . . . . . . . . . . . . .
15 . . . . . . . . . . . . . . . . . . .
14 . . . . . . . . . . . . . . . . . . .
13 . . . . . . . . . . . . . . . . . . .
12 . . . . . . . . . . . . . . . . . . .
11 . . . . . . . . . . . . . . . . . . .
10 . . . . . . . . X1. . . . . . . . . .
 9 . . . . . . . . . . . . . . . . . . .
 8 . . . . . . . . . . . . . . . . . . .
 7 . . . . . . . . . . . . . . . . . . .
 6 . . . . . . . . . . . . . . . . . . .
 5 . . . . . . . . . . . . . . . . . . .
 4 . . . . . . . . . . . . . . . . . . .
 3 . . . @ . . . . . . . . . . . . . . .
 2 . . . . . . . . . . . . . . . . . . .
 1 . . . . . . . . . . . . . . . . . . .

koPOSITIONALscoreAREAtaxNONEsui1komi7.5
Time taken: 0.219
Root visits: 505
New playouts: 505
NN rows: 424
NN batches: 110
NN avg batch size: 3.85455
PV: D3 Q4 D16 Q16 C6 C17 C16
Tree:
: T  20.82c W  20.23c S   0.27c ( +3.1 L  +2.4) N     505  --  D3 Q4 D16 Q16 C6 C17 C16
---White(^)---
D3  : T  22.15c W  21.00c S   0.30c ( +3.2 L  +2.5) LCB   20.44c P  2.60% WF  76.7 PSV     335 N      76  --  D3 Q4 D16 Q16 C6 C17 C16
Q4  : T  20.00c W  19.69c S   0.29c ( +3.2 L  +2.5) LCB   18.82c P 15.98% WF  96.5 PSV      97 N      97  --  Q4 C16 Q16 D4 E16 E17
D4  : T  20.12c W  19.67c S   0.28c ( +3.1 L  +2.4) LCB   18.68c P 18.11% WF  88.6 PSV      89 N      89  --  D4 R16 D16 Q4 P16 P17
C4  : T  21.41c W  20.66c S   0.31c ( +3.2 L  +2.5) LCB   20.14c P  3.87% WF  86.4 PSV      86 N      86  --  C4 C16 Q16 Q4 F3 R17 R16
R4  : T  21.06c W  20.70c S   0.27c ( +3.1 L  +2.4) LCB   19.41c P  3.27% WF  80.1 PSV      80 N      80  --  R4 D16 C4 R16 F3 P3 Q6
Q3  : T  20.38c W  19.84c S   0.17c ( +3.0 L  +2.3) LCB   18.81c P  4.01% WF  75.8 PSV      37 N      76  --  Q3 D3 D16 Q17 R6 R14

2026-04-05 19:56:40+0800: = D3
2026-04-05 19:56:40+0800: Controller: play W D3
2026-04-05 19:56:40+0800: ? illegal move
2026-04-05 19:56:40+0800: Controller: clear_board
2026-04-05 19:56:40+0800: = 
2026-04-05 19:56:40+0800: Controller: play B J10
2026-04-05 19:56:40+0800: = 
2026-04-05 19:56:40+0800: Controller: genmove W
2026-04-05 19:56:40+0800: MoveNum: 1 HASH: B4C2D8B64713229761665C78C52F6FBF
   A B C D E F G H J K L M N O P Q R S T
19 . . . . . . . . . . . . . . . . . . .
18 . . . . . . . . . . . . . . . . . . .
17 . . . . . . . . . . . . . . . . . . .
16 . . . . . . . . . . . . . . . . . . .
15 . . . . . . . . . . . . . . . . . . .
14 . . . . . . . . . . . . . . . . . . .
13 . . . . . . . . . . . . . . . . . . .
12 . . . . . . . . . . . . . . . . . . .
11 . . . . . . . . . . . . . . . . . . .
10 . . . . . . . . X1. . . . . . . . . .
 9 . . . . . . . . . . . . . . . . . . .
 8 . . . . . . . . . . . . . . . . . . .
 7 . . . . . . . . . . . . . . . . . . .
 6 . . . . . . . . . . . . . . . . . . .
 5 . . . . . . . . . . . . . . . . . . .
 4 . . . . . . . . . . . . . . . . . . .
 3 . . . @ . . . . . . . . . . . . . . .
 2 . . . . . . . . . . . . . . . . . . .
 1 . . . . . . . . . . . . . . . . . . .

koPOSITIONALscoreAREAtaxNONEsui1komi7.5
Time taken: 0.015
Root visits: 505
New playouts: 505
NN rows: 35
NN batches: 11
NN avg batch size: 3.18182
PV: D3 Q16 Q4 C16 C6 R3 Q3
Tree:
: T  20.89c W  20.24c S   0.28c ( +3.2 L  +2.4) N     505  --  D3 Q16 Q4 C16 C6 R3 Q3
---White(^)---
D3  : T  21.90c W  20.86c S   0.30c ( +3.2 L  +2.5) LCB   20.41c P  2.60% WF  82.6 PSV     303 N      82  --  D3 Q16 Q4 C16 C6 R3 Q3
Q4  : T  20.26c W  19.64c S   0.28c ( +3.2 L  +2.4) LCB   19.06c P 15.98% WF  99.6 PSV     100 N     100  --  Q4 Q16 C16 D4 F17 R3
D4  : T  20.08c W  19.81c S   0.29c ( +3.2 L  +2.4) LCB   18.62c P 18.11% WF  94.5 PSV      95 N      95  --  D4 R16 D16 Q4 P16 P17
C4  : T  21.53c W  20.66c S   0.31c ( +3.2 L  +2.5) LCB   20.17c P  3.87% WF  87.4 PSV      87 N      87  --  C4 Q16 Q4 D16 F3 R3
R4  : T  21.27c W  20.65c S   0.26c ( +3.1 L  +2.4) LCB   19.45c P  3.27% WF  63.2 PSV      63 N      63  --  R4 D16 D4 Q16 O3 C3
Q3  : T  20.58c W  20.10c S   0.21c ( +3.1 L  +2.4) LCB   19.10c P  4.01% WF  76.9 PSV      35 N      77  --  Q3 D3 Q16 D16 R6 C6

2026-04-05 19:56:40+0800: = D3
2026-04-05 19:56:40+0800: Controller: play W D3
2026-04-05 19:56:40+0800: ? illegal move
2026-04-05 19:56:40+0800: Controller: clear_board
2026-04-05 19:56:40+0800: = 
2026-04-05 19:56:40+0800: Controller: play B J10
2026-04-05 19:56:40+0800: = 
2026-04-05 19:56:40+0800: Controller: genmove W
2026-04-05 19:56:40+0800: MoveNum: 1 HASH: B4C2D8B64713229761665C78C52F6FBF
   A B C D E F G H J K L M N O P Q R S T
19 . . . . . . . . . . . . . . . . . . .
18 . . . . . . . . . . . . . . . . . . .
17 . . . . . . . . . . . . . . . . . . .
16 . . . . . . . . . . . . . . . . . . .
15 . . . . . . . . . . . . . . . . . . .
14 . . . . . . . . . . . . . . . . . . .
13 . . . . . . . . . . . . . . . . . . .
12 . . . . . . . . . . . . . . . . . . .
11 . . . . . . . . . . . . . . . . . . .
10 . . . . . . . . X1. . . . . . . . . .
 9 . . . . . . . . . . . . . . . . . . .
 8 . . . . . . . . . . . . . . . . . . .
 7 . . . . . . . . . . . . . . . . . . .
 6 . . . . . . . . . . . . . . . . . . .
 5 . . . . . . . . . . . . . . . . . . .
 4 . . @ . . . . . . . . . . . . . . . .
 3 . . . . . . . . . . . . . . . . . . .
 2 . . . . . . . . . . . . . . . . . . .
 1 . . . . . . . . . . . . . . . . . . .

koPOSITIONALscoreAREAtaxNONEsui1komi7.5
Time taken: 0.016
Root visits: 505
New playouts: 505
NN rows: 22
NN batches: 8
NN avg batch size: 2.75
PV: C4 Q17 D16 R4 F3 O3
Tree:
: T  20.87c W  20.29c S   0.28c ( +3.2 L  +2.4) N     505  --  C4 Q17 D16 R4 F3 O3
---White(^)---
C4  : T  21.71c W  20.85c S   0.33c ( +3.2 L  +2.5) LCB   20.20c P  3.87% WF  93.6 PSV     356 N      93  --  C4 Q17 D16 R4 F3 O3
Q4  : T  20.02c W  19.62c S   0.27c ( +3.1 L  +2.4) LCB   18.95c P 15.98% WF 114.3 PSV     115 N     115  --  Q4 C16 Q16 D4 E16 E17
D4  : T  20.77c W  20.07c S   0.32c ( +3.2 L  +2.5) LCB   19.40c P 18.11% WF  76.0 PSV      76 N      76  --  D4 D16 Q16 Q4 R3 R4
D3  : T  21.61c W  20.68c S   0.27c ( +3.1 L  +2.4) LCB   19.99c P  2.60% WF  72.4 PSV      72 N      72  --  D3 Q16 D16 R4 C6 O3
R4  : T  20.88c W  20.74c S   0.26c ( +3.1 L  +2.4) LCB   19.12c P  3.27% WF  70.0 PSV      70 N      70  --  R4 D16 D4 Q16 O3 C3 D3 C4
Q3  : T  20.50c W  20.08c S   0.22c ( +3.1 L  +2.4) LCB   19.07c P  4.01% WF  77.8 PSV      59 N      78  --  Q3 D3 D16 Q17 R6 R14

2026-04-05 19:56:40+0800: = C4
2026-04-05 19:56:40+0800: Controller: play W C4
2026-04-05 19:56:40+0800: ? illegal move
