2026-04-05 19:47:13+0800: Running with following config:
allowResignation = true
lagBuffer = 1.0
logAllGTPCommunication = true
logDir = gtp_logs
logSearchInfo = true
logSearchInfoForChosenMove = false
logToStderr = false
maxTimePondering = 60.0
maxVisits = 500
numSearchThreads = 6
ponderingEnabled = false
resignConsecTurns = 3
resignThreshold = -0.90
rules = tromp-taylor
searchFactor = 1.0
searchFactorAfterOnePass = 0.50
searchFactorAfterTwoPass = 0.25
searchFactorWhenWinning = 0.40
searchFactorWhenWinningThreshold = 0.95

2026-04-05 19:47:13+0800: GTP Engine starting...
2026-04-05 19:47:13+0800: KataGo v1.16.4
2026-04-05 19:47:13+0800: Using TrompTaylor rules initially, unless GTP/GUI overrides this
2026-04-05 19:47:13+0800: Using 6 CPU thread(s) for search
2026-04-05 19:47:13+0800: nnRandSeed0 = 3387512477570244083
2026-04-05 19:47:13+0800: After dedups: nnModelFile0 = default_model.bin.gz useFP16 auto useNHWC auto
2026-04-05 19:47:13+0800: Initializing neural net buffer to be size 19 * 19 exactly
2026-04-05 19:47:13+0800: Found OpenCL Platform 0: NVIDIA CUDA (NVIDIA Corporation) (OpenCL 3.0 CUDA 13.0.97)
2026-04-05 19:47:13+0800: Found 1 device(s) on platform 0 with type CPU or GPU or Accelerator
2026-04-05 19:47:13+0800: Found OpenCL Platform 1: Intel(R) OpenCL Graphics (Intel(R) Corporation) (OpenCL 3.0 )
2026-04-05 19:47:13+0800: Found 1 device(s) on platform 1 with type CPU or GPU or Accelerator
2026-04-05 19:47:13+0800: Found OpenCL Device 0: NVIDIA GeForce RTX 5060 Laptop GPU (NVIDIA Corporation) (score 11000300)
2026-04-05 19:47:13+0800: Found OpenCL Device 1: Intel(R) RaptorLake-S Mobile Graphics Controller (Intel(R) Corporation) (score 6000300)
2026-04-05 19:47:13+0800: Creating context for OpenCL Platform: NVIDIA CUDA (NVIDIA Corporation) (OpenCL 3.0 CUDA 13.0.97)
2026-04-05 19:47:13+0800: Using OpenCL Device 0: NVIDIA GeForce RTX 5060 Laptop GPU (NVIDIA Corporation) OpenCL 3.0 CUDA (Extensions: cl_khr_global_int32_base_atomics cl_khr_global_int32_extended_atomics cl_khr_local_int32_base_atomics cl_khr_local_int32_extended_atomics cl_khr_fp64 cl_khr_3d_image_writes cl_khr_byte_addressable_store cl_khr_icd cl_khr_gl_sharing cl_nv_compiler_options cl_nv_device_attribute_query cl_nv_pragma_unroll cl_nv_d3d10_sharing cl_khr_d3d10_sharing cl_nv_d3d11_sharing cl_nv_copy_opts cl_nv_create_buffer cl_khr_int64_base_atomics cl_khr_int64_extended_atomics cl_khr_device_uuid cl_khr_pci_bus_info cl_khr_external_semaphore cl_khr_external_memory cl_khr_external_semaphore_win32 cl_khr_external_memory_win32 cl_khr_semaphore)
2026-04-05 19:47:13+0800: Loaded tuning parameters from: C:\Users\Legolas\Documents\trae_projects\Project_seven/KataGoData/opencltuning/tune11_gpuNVIDIAGeForceRTX5060LaptopGPU_x19_y19_c128_mv8.txt
2026-04-05 19:47:14+0800: OpenCL backend thread 0: Model version 8
2026-04-05 19:47:14+0800: OpenCL backend thread 0: Model name: g170-b10c128-s1141046784-d204142634
2026-04-05 19:47:14+0800: OpenCL backend thread 0: FP16Storage true FP16Compute false FP16TensorCores true FP16TensorCoresFor1x1 false
2026-04-05 19:47:14+0800: Loaded neural net with nnXLen 19 nnYLen 19
2026-04-05 19:47:14+0800: Initializing board with boardXSize 19 boardYSize 19
2026-04-05 19:47:14+0800: --------------
2026-04-05 19:47:14+0800: WARNING: Config had unused keys! You may have a typo, an option you specified is being unused from default_gtp.cfg and/or command-line and query overrides
2026-04-05 19:47:14+0800: WARNING: Unused key 'searchFactor' in default_gtp.cfg and/or command-line and query overrides
2026-04-05 19:47:14+0800: --------------
2026-04-05 19:47:14+0800: Loaded config default_gtp.cfg and/or command-line and query overrides
2026-04-05 19:47:14+0800: Loaded model default_model.bin.gz
2026-04-05 19:47:14+0800: Config override: searchFactor = 1.0
2026-04-05 19:47:14+0800: Model name: g170-b10c128-s1141046784-d204142634
2026-04-05 19:47:14+0800: GTP ready, beginning main protocol loop
2026-04-05 19:47:30+0800: Controller: clear_board
2026-04-05 19:47:30+0800: = 
2026-04-05 19:49:18+0800: Controller: clear_board
2026-04-05 19:49:18+0800: = 
2026-04-05 19:49:18+0800: Controller: play B D16
2026-04-05 19:49:18+0800: = 
2026-04-05 19:49:18+0800: Controller: genmove W
2026-04-05 19:49:18+0800: MoveNum: 1 HASH: B36725E12621D50CABD1F49562C7CDC4
   A B C D E F G H J K L M N O P Q R S T
19 . . . . . . . . . . . . . . . . . . .
18 . . . . . . . . . . . . . . . . . . .
17 . . . . . . . . . . . . . . . . . . .
16 . . . X1. . . . . . . . . . . . . . .
15 . . . . . . . . . . . . . . . . . . .
14 . . . . . . . . . . . . . . . . . . .
13 . . . . . . . . . . . . . . . . . . .
12 . . . . . . . . . . . . . . . . . . .
11 . . . . . . . . . . . . . . . . . . .
10 . . . . . . . . . . . . . . . . . . .
 9 . . . . . . . . . . . . . . . . . . .
 8 . . . . . . . . . . . . . . . . . . .
 7 . . . . . . . . . . . . . . . . . . .
 6 . . . . . . . . . . . . . . . . . . .
 5 . . . . . . . . . . . . . . . . . . .
 4 . . . . . . . . . . . . . . . @ . . .
 3 . . . . . . . . . . . . . . . . . . .
 2 . . . . . . . . . . . . . . . . . . .
 1 . . . . . . . . . . . . . . . . . . .

koPOSITIONALscoreAREAtaxNONEsui1komi7.5
Time taken: 0.219
Root visits: 505
New playouts: 505
NN rows: 440
NN batches: 105
NN avg batch size: 4.19048
PV: Q4 D4 Q16 R17 Q17 R16 R14 R15
Tree:
: T   9.13c W   7.56c S   1.22c ( +1.1 L  +0.8) N     505  --  Q4 D4 Q16 R17 Q17 R16 R14
---White(^)---
Q4  : T   9.27c W   7.66c S   1.22c ( +1.1 L  +0.8) LCB    8.32c P 22.55% WF 145.1 PSV     158 N     145  --  Q4 D4 Q16 R17 Q17 R16 R14 R15
D4  : T   9.04c W   7.48c S   1.21c ( +1.0 L  +0.8) LCB    7.74c P 22.37% WF  88.9 PSV      89 N      89  --  D4 Q4 Q16 R17 R16 Q17 O17
D3  : T   9.54c W   7.93c S   1.26c ( +1.1 L  +0.9) LCB    8.12c P  4.27% WF  80.2 PSV      37 N      80  --  D3 Q4 Q16 R17 R16 Q17
Q3  : T   9.57c W   7.99c S   1.28c ( +1.1 L  +0.9) LCB    8.30c P  4.08% WF  78.2 PSV      37 N      78  --  Q3 Q16 D4 Q5 R5
C4  : T   8.94c W   7.41c S   1.20c ( +1.0 L  +0.8) LCB    7.54c P  4.94% WF  82.4 PSV      24 N      83  --  C4 Q4 Q16 R17 Q17 R16
R3  : T   7.18c W   5.93c S   1.05c ( +0.8 L  +0.6) LCB    3.73c P  0.70% WF  26.5 PSV       1 N      29  --  R3 Q16 D4 C3 D3

2026-04-05 19:49:18+0800: = Q4
2026-04-05 19:49:18+0800: Controller: play W Q4
2026-04-05 19:49:18+0800: ? illegal move
2026-04-05 19:51:53+0800: Controller: clear_board
2026-04-05 19:51:53+0800: = 
2026-04-05 19:51:53+0800: Controller: play B D16
2026-04-05 19:51:53+0800: = 
2026-04-05 19:51:53+0800: Controller: genmove W
2026-04-05 19:51:53+0800: MoveNum: 1 HASH: B36725E12621D50CABD1F49562C7CDC4
   A B C D E F G H J K L M N O P Q R S T
19 . . . . . . . . . . . . . . . . . . .
18 . . . . . . . . . . . . . . . . . . .
17 . . . . . . . . . . . . . . . . . . .
16 . . . X1. . . . . . . . . . . . . . .
15 . . . . . . . . . . . . . . . . . . .
14 . . . . . . . . . . . . . . . . . . .
13 . . . . . . . . . . . . . . . . . . .
12 . . . . . . . . . . . . . . . . . . .
11 . . . . . . . . . . . . . . . . . . .
10 . . . . . . . . . . . . . . . . . . .
 9 . . . . . . . . . . . . . . . . . . .
 8 . . . . . . . . . . . . . . . . . . .
 7 . . . . . . . . . . . . . . . . . . .
 6 . . . . . . . . . . . . . . . . . . .
 5 . . . . . . . . . . . . . . . . . . .
 4 . . . . . . . . . . . . . . . @ . . .
 3 . . . . . . . . . . . . . . . . . . .
 2 . . . . . . . . . . . . . . . . . . .
 1 . . . . . . . . . . . . . . . . . . .

koPOSITIONALscoreAREAtaxNONEsui1komi7.5
Time taken: 0.032
Root visits: 505
New playouts: 505
NN rows: 55
NN batches: 15
NN avg batch size: 3.66667
PV: D3 Q4 Q16 R17 R16 Q17 O17
Tree:
: T   9.18c W   7.67c S   1.23c ( +1.1 L  +0.8) N     505  --  D3 Q4 Q16 R17 R16 Q17 O17
---White(^)---
D3  : T   9.71c W   7.97c S   1.27c ( +1.1 L  +0.9) LCB    8.47c P  4.27% WF  89.3 PSV     218 N      89  --  D3 Q4 Q16 R17 R16 Q17 O17
Q4  : T   9.14c W   7.65c S   1.22c ( +1.1 L  +0.8) LCB    8.26c P 22.55% WF 156.9 PSV     157 N     157  --  Q4 C4 Q16 F3 C17 C16 D17 F17
D4  : T   9.01c W   7.41c S   1.20c ( +1.0 L  +0.8) LCB    7.68c P 22.37% WF 103.9 PSV     104 N     104  --  D4 Q4 Q16 R17 R16 Q17 O17
Q3  : T   9.25c W   7.98c S   1.28c ( +1.1 L  +0.9) LCB    7.90c P  4.08% WF  74.0 PSV      32 N      74  --  Q3 Q16 D4 Q5 R5
C4  : T   9.04c W   7.57c S   1.22c ( +1.1 L  +0.8) LCB    7.48c P  4.94% WF  79.8 PSV      31 N      80  --  C4 R4 Q16 R17 R16

2026-04-05 19:51:53+0800: = Q4
2026-04-05 19:51:53+0800: Controller: play W Q4
2026-04-05 19:51:53+0800: ? illegal move
2026-04-05 19:53:48+0800: Controller: clear_board
2026-04-05 19:53:48+0800: = 
