2026-04-05 19:57:15+0800: Running with following config:
allowResignation = true
lagBuffer = 1.0
logAllGTPCommunication = true
logDir = gtp_logs
logSearchInfo = true
logSearchInfoForChosenMove = false
logToStderr = false
maxTimePondering = 60.0
maxVisits = 500
numSearchThreads = 6
ponderingEnabled = false
resignConsecTurns = 3
resignThreshold = -0.90
rules = tromp-taylor
searchFactor = 1.5
searchFactorAfterOnePass = 0.50
searchFactorAfterTwoPass = 0.25
searchFactorWhenWinning = 0.40
searchFactorWhenWinningThreshold = 0.95

2026-04-05 19:57:15+0800: GTP Engine starting...
2026-04-05 19:57:15+0800: KataGo v1.16.4
2026-04-05 19:57:15+0800: Using TrompTaylor rules initially, unless GTP/GUI overrides this
2026-04-05 19:57:15+0800: Using 6 CPU thread(s) for search
2026-04-05 19:57:15+0800: nnRandSeed0 = 5781799121537193029
2026-04-05 19:57:15+0800: After dedups: nnModelFile0 = default_model.bin.gz useFP16 auto useNHWC auto
2026-04-05 19:57:15+0800: Initializing neural net buffer to be size 19 * 19 exactly
2026-04-05 19:57:15+0800: Found OpenCL Platform 0: NVIDIA CUDA (NVIDIA Corporation) (OpenCL 3.0 CUDA 13.0.97)
2026-04-05 19:57:15+0800: Found 1 device(s) on platform 0 with type CPU or GPU or Accelerator
2026-04-05 19:57:15+0800: Found OpenCL Platform 1: Intel(R) OpenCL Graphics (Intel(R) Corporation) (OpenCL 3.0 )
2026-04-05 19:57:15+0800: Found 1 device(s) on platform 1 with type CPU or GPU or Accelerator
2026-04-05 19:57:15+0800: Found OpenCL Device 0: NVIDIA GeForce RTX 5060 Laptop GPU (NVIDIA Corporation) (score 11000300)
2026-04-05 19:57:15+0800: Found OpenCL Device 1: Intel(R) RaptorLake-S Mobile Graphics Controller (Intel(R) Corporation) (score 6000300)
2026-04-05 19:57:15+0800: Creating context for OpenCL Platform: NVIDIA CUDA (NVIDIA Corporation) (OpenCL 3.0 CUDA 13.0.97)
2026-04-05 19:57:15+0800: Using OpenCL Device 0: NVIDIA GeForce RTX 5060 Laptop GPU (NVIDIA Corporation) OpenCL 3.0 CUDA (Extensions: cl_khr_global_int32_base_atomics cl_khr_global_int32_extended_atomics cl_khr_local_int32_base_atomics cl_khr_local_int32_extended_atomics cl_khr_fp64 cl_khr_3d_image_writes cl_khr_byte_addressable_store cl_khr_icd cl_khr_gl_sharing cl_nv_compiler_options cl_nv_device_attribute_query cl_nv_pragma_unroll cl_nv_d3d10_sharing cl_khr_d3d10_sharing cl_nv_d3d11_sharing cl_nv_copy_opts cl_nv_create_buffer cl_khr_int64_base_atomics cl_khr_int64_extended_atomics cl_khr_device_uuid cl_khr_pci_bus_info cl_khr_external_semaphore cl_khr_external_memory cl_khr_external_semaphore_win32 cl_khr_external_memory_win32 cl_khr_semaphore)
2026-04-05 19:57:15+0800: Loaded tuning parameters from: C:\Users\Legolas\Documents\trae_projects\Project_seven/KataGoData/opencltuning/tune11_gpuNVIDIAGeForceRTX5060LaptopGPU_x19_y19_c128_mv8.txt
2026-04-05 19:57:16+0800: OpenCL backend thread 0: Model version 8
2026-04-05 19:57:16+0800: OpenCL backend thread 0: Model name: g170-b10c128-s1141046784-d204142634
2026-04-05 19:57:17+0800: OpenCL backend thread 0: FP16Storage true FP16Compute false FP16TensorCores true FP16TensorCoresFor1x1 false
2026-04-05 19:57:17+0800: Loaded neural net with nnXLen 19 nnYLen 19
2026-04-05 19:57:17+0800: Initializing board with boardXSize 19 boardYSize 19
2026-04-05 19:57:17+0800: --------------
2026-04-05 19:57:17+0800: WARNING: Config had unused keys! You may have a typo, an option you specified is being unused from default_gtp.cfg and/or command-line and query overrides
2026-04-05 19:57:17+0800: WARNING: Unused key 'searchFactor' in default_gtp.cfg and/or command-line and query overrides
2026-04-05 19:57:17+0800: --------------
2026-04-05 19:57:17+0800: Loaded config default_gtp.cfg and/or command-line and query overrides
2026-04-05 19:57:17+0800: Loaded model default_model.bin.gz
2026-04-05 19:57:17+0800: Config override: searchFactor = 1.5
2026-04-05 19:57:17+0800: Model name: g170-b10c128-s1141046784-d204142634
2026-04-05 19:57:17+0800: GTP ready, beginning main protocol loop
2026-04-05 19:57:20+0800: Controller: play B J11
2026-04-05 19:57:20+0800: = 
2026-04-05 19:57:20+0800: Controller: genmove W
2026-04-05 19:57:20+0800: MoveNum: 1 HASH: 23DA485F6B9A2C7682236E85ED9E4C31
   A B C D E F G H J K L M N O P Q R S T
19 . . . . . . . . . . . . . . . . . . .
18 . . . . . . . . . . . . . . . . . . .
17 . . . . . . . . . . . . . . . . . . .
16 . . @ . . . . . . . . . . . . . . . .
15 . . . . . . . . . . . . . . . . . . .
14 . . . . . . . . . . . . . . . . . . .
13 . . . . . . . . . . . . . . . . . . .
12 . . . . . . . . . . . . . . . . . . .
11 . . . . . . . . X1. . . . . . . . . .
10 . . . . . . . . . . . . . . . . . . .
 9 . . . . . . . . . . . . . . . . . . .
 8 . . . . . . . . . . . . . . . . . . .
 7 . . . . . . . . . . . . . . . . . . .
 6 . . . . . . . . . . . . . . . . . . .
 5 . . . . . . . . . . . . . . . . . . .
 4 . . . . . . . . . . . . . . . . . . .
 3 . . . . . . . . . . . . . . . . . . .
 2 . . . . . . . . . . . . . . . . . . .
 1 . . . . . . . . . . . . . . . . . . .

koPOSITIONALscoreAREAtaxNONEsui1komi7.5
Time taken: 0.219
Root visits: 505
New playouts: 505
NN rows: 364
NN batches: 119
NN avg batch size: 3.05882
PV: C16 D4 Q16 Q4 F17 R17
Tree:
: T  20.77c W  20.03c S   0.44c ( +3.1 L  +2.4) N     505  --  C16 D4 Q16 Q4 F17 R17
---White(^)---
C16 : T  21.24c W  20.23c S   0.40c ( +3.1 L  +2.4) LCB   19.96c P  3.12% WF  78.2 PSV     163 N      78  --  C16 D4 Q16 Q4 F17 R17
D16 : T  20.72c W  20.00c S   0.46c ( +3.2 L  +2.5) LCB   19.61c P 17.50% WF 105.0 PSV     105 N     105  --  D16 D4 Q3 Q16 R6 C17
Q3  : T  21.56c W  20.48c S   0.43c ( +3.1 L  +2.4) LCB   19.80c P  3.07% WF  75.4 PSV      75 N      75  --  Q3 D17 Q16 D4 R6 R17 R16
D4  : T  20.25c W  19.75c S   0.47c ( +3.2 L  +2.5) LCB   19.13c P 16.70% WF  86.7 PSV      71 N      87  --  D4 Q16 D16 Q4 R3 R4
Q4  : T  19.91c W  19.40c S   0.42c ( +3.1 L  +2.4) LCB   18.57c P 15.51% WF  77.5 PSV      54 N      78  --  Q4 D4 D16 Q16 R17 Q17
D3  : T  21.44c W  20.46c S   0.47c ( +3.2 L  +2.5) LCB   19.41c P  2.54% WF  52.2 PSV      43 N      52  --  D3 Q4 Q16 D17 C6
C4  : T  20.37c W  20.23c S   0.43c ( +3.1 L  +2.4) LCB   17.96c P  2.68% WF  28.9 PSV      12 N      29  --  C4 D16 Q16 Q4 F3 R17

2026-04-05 19:57:20+0800: = C16
2026-04-05 19:57:20+0800: Controller: play W C16
2026-04-05 19:57:20+0800: ? illegal move
